  main.cpp
D:\4_Archive_Kho lưu trữ\Computer Graphics\Project_2\include\Vector_Matrix.h(1,10): warning C4067: unexpected tokens following preprocessor directive - expected a newline
  (compiling source file 'main.cpp')
  
D:\4_Archive_Kho lưu trữ\Computer Graphics\Project_2\main.cpp(455,79): warning C4305: 'argument': truncation from 'double' to 'float'
D:\4_Archive_Kho lưu trữ\Computer Graphics\Project_2\main.cpp(455,67): warning C4305: 'argument': truncation from 'double' to 'float'
D:\4_Archive_Kho lưu trữ\Computer Graphics\Project_2\main.cpp(455,109): warning C4305: 'argument': truncation from 'double' to 'float'
D:\4_Archive_Kho lưu trữ\Computer Graphics\Project_2\main.cpp(470,54): warning C4305: 'argument': truncation from 'double' to 'float'
D:\4_Archive_Kho lưu trữ\Computer Graphics\Project_2\main.cpp(470,87): warning C4305: 'argument': truncation from 'double' to 'float'
D:\4_Archive_Kho lưu trữ\Computer Graphics\Project_2\main.cpp(499,56): warning C4305: 'argument': truncation from 'double' to 'float'
D:\4_Archive_Kho lưu trữ\Computer Graphics\Project_2\main.cpp(499,46): warning C4305: 'argument': truncation from 'double' to 'float'
D:\4_Archive_Kho lưu trữ\Computer Graphics\Project_2\main.cpp(642,54): warning C4305: 'argument': truncation from 'double' to 'float'
D:\4_Archive_Kho lưu trữ\Computer Graphics\Project_2\main.cpp(642,85): warning C4305: 'argument': truncation from 'double' to 'float'
D:\4_Archive_Kho lưu trữ\Computer Graphics\Project_2\main.cpp(650,85): warning C4305: 'argument': truncation from 'double' to 'float'
D:\4_Archive_Kho lưu trữ\Computer Graphics\Project_2\main.cpp(658,88): warning C4305: 'argument': truncation from 'double' to 'float'
D:\4_Archive_Kho lưu trữ\Computer Graphics\Project_2\main.cpp(666,89): warning C4305: 'argument': truncation from 'double' to 'float'
D:\4_Archive_Kho lưu trữ\Computer Graphics\Project_2\main.cpp(673,88): warning C4305: 'argument': truncation from 'double' to 'float'
D:\4_Archive_Kho lưu trữ\Computer Graphics\Project_2\main.cpp(680,83): warning C4305: 'argument': truncation from 'double' to 'float'
D:\4_Archive_Kho lưu trữ\Computer Graphics\Project_2\main.cpp(689,55): warning C4305: 'argument': truncation from 'double' to 'float'
D:\4_Archive_Kho lưu trữ\Computer Graphics\Project_2\main.cpp(689,80): warning C4305: 'argument': truncation from 'double' to 'float'
D:\4_Archive_Kho lưu trữ\Computer Graphics\Project_2\main.cpp(696,82): warning C4305: 'argument': truncation from 'double' to 'float'
D:\4_Archive_Kho lưu trữ\Computer Graphics\Project_2\main.cpp(704,54): warning C4305: 'argument': truncation from 'double' to 'float'
D:\4_Archive_Kho lưu trữ\Computer Graphics\Project_2\main.cpp(704,79): warning C4305: 'argument': truncation from 'double' to 'float'
D:\4_Archive_Kho lưu trữ\Computer Graphics\Project_2\main.cpp(711,81): warning C4305: 'argument': truncation from 'double' to 'float'
D:\4_Archive_Kho lưu trữ\Computer Graphics\Project_2\main.cpp(721,79): warning C4305: 'argument': truncation from 'double' to 'float'
D:\4_Archive_Kho lưu trữ\Computer Graphics\Project_2\main.cpp(728,79): warning C4305: 'argument': truncation from 'double' to 'float'
D:\4_Archive_Kho lưu trữ\Computer Graphics\Project_2\main.cpp(735,79): warning C4305: 'argument': truncation from 'double' to 'float'
D:\4_Archive_Kho lưu trữ\Computer Graphics\Project_2\main.cpp(742,79): warning C4305: 'argument': truncation from 'double' to 'float'
D:\4_Archive_Kho lưu trữ\Computer Graphics\Project_2\main.cpp(750,80): warning C4305: 'argument': truncation from 'double' to 'float'
D:\4_Archive_Kho lưu trữ\Computer Graphics\Project_2\main.cpp(757,80): warning C4305: 'argument': truncation from 'double' to 'float'
D:\4_Archive_Kho lưu trữ\Computer Graphics\Project_2\main.cpp(764,80): warning C4305: 'argument': truncation from 'double' to 'float'
D:\4_Archive_Kho lưu trữ\Computer Graphics\Project_2\main.cpp(771,80): warning C4305: 'argument': truncation from 'double' to 'float'
D:\4_Archive_Kho lưu trữ\Computer Graphics\Project_2\main.cpp(787,22): warning C4305: 'argument': truncation from 'double' to 'float'
D:\4_Archive_Kho lưu trữ\Computer Graphics\Project_2\main.cpp(793,83): warning C4305: 'argument': truncation from 'double' to 'float'
D:\4_Archive_Kho lưu trữ\Computer Graphics\Project_2\main.cpp(793,74): warning C4305: 'argument': truncation from 'double' to 'float'
D:\4_Archive_Kho lưu trữ\Computer Graphics\Project_2\main.cpp(800,84): warning C4305: 'argument': truncation from 'double' to 'float'
D:\4_Archive_Kho lưu trữ\Computer Graphics\Project_2\main.cpp(800,75): warning C4305: 'argument': truncation from 'double' to 'float'
D:\4_Archive_Kho lưu trữ\Computer Graphics\Project_2\main.cpp(807,84): warning C4305: 'argument': truncation from 'double' to 'float'
D:\4_Archive_Kho lưu trữ\Computer Graphics\Project_2\main.cpp(807,78): warning C4305: 'argument': truncation from 'double' to 'float'
D:\4_Archive_Kho lưu trữ\Computer Graphics\Project_2\main.cpp(807,72): warning C4305: 'argument': truncation from 'double' to 'float'
D:\4_Archive_Kho lưu trữ\Computer Graphics\Project_2\main.cpp(850,56): warning C4305: 'argument': truncation from 'double' to 'float'
D:\4_Archive_Kho lưu trữ\Computer Graphics\Project_2\main.cpp(850,51): warning C4305: 'argument': truncation from 'double' to 'float'
D:\4_Archive_Kho lưu trữ\Computer Graphics\Project_2\main.cpp(850,46): warning C4305: 'argument': truncation from 'double' to 'float'
D:\4_Archive_Kho lưu trữ\Computer Graphics\Project_2\main.cpp(853,53): warning C4305: 'argument': truncation from 'double' to 'float'
D:\4_Archive_Kho lưu trữ\Computer Graphics\Project_2\main.cpp(858,53): warning C4305: 'argument': truncation from 'double' to 'float'
D:\4_Archive_Kho lưu trữ\Computer Graphics\Project_2\main.cpp(865,53): warning C4305: 'argument': truncation from 'double' to 'float'
D:\4_Archive_Kho lưu trữ\Computer Graphics\Project_2\main.cpp(871,26): warning C4305: 'argument': truncation from 'double' to 'float'
D:\4_Archive_Kho lưu trữ\Computer Graphics\Project_2\main.cpp(871,21): warning C4305: 'argument': truncation from 'double' to 'float'
D:\4_Archive_Kho lưu trữ\Computer Graphics\Project_2\main.cpp(877,27): warning C4305: 'argument': truncation from 'double' to 'float'
D:\4_Archive_Kho lưu trữ\Computer Graphics\Project_2\main.cpp(877,21): warning C4305: 'argument': truncation from 'double' to 'float'
D:\4_Archive_Kho lưu trữ\Computer Graphics\Project_2\main.cpp(883,30): warning C4305: 'argument': truncation from 'double' to 'float'
D:\4_Archive_Kho lưu trữ\Computer Graphics\Project_2\main.cpp(883,24): warning C4305: 'argument': truncation from 'double' to 'float'
D:\4_Archive_Kho lưu trữ\Computer Graphics\Project_2\main.cpp(889,30): warning C4305: 'argument': truncation from 'double' to 'float'
D:\4_Archive_Kho lưu trữ\Computer Graphics\Project_2\main.cpp(889,24): warning C4305: 'argument': truncation from 'double' to 'float'
D:\4_Archive_Kho lưu trữ\Computer Graphics\Project_2\main.cpp(903,55): warning C4305: 'argument': truncation from 'double' to 'float'
D:\4_Archive_Kho lưu trữ\Computer Graphics\Project_2\main.cpp(903,50): warning C4305: 'argument': truncation from 'double' to 'float'
D:\4_Archive_Kho lưu trữ\Computer Graphics\Project_2\main.cpp(903,45): warning C4305: 'argument': truncation from 'double' to 'float'
D:\4_Archive_Kho lưu trữ\Computer Graphics\Project_2\main.cpp(906,53): warning C4305: 'argument': truncation from 'double' to 'float'
D:\4_Archive_Kho lưu trữ\Computer Graphics\Project_2\main.cpp(906,48): warning C4305: 'argument': truncation from 'double' to 'float'
D:\4_Archive_Kho lưu trữ\Computer Graphics\Project_2\main.cpp(912,49): warning C4305: 'argument': truncation from 'double' to 'float'
D:\4_Archive_Kho lưu trữ\Computer Graphics\Project_2\main.cpp(912,88): warning C4305: 'argument': truncation from 'double' to 'float'
D:\4_Archive_Kho lưu trữ\Computer Graphics\Project_2\main.cpp(912,83): warning C4305: 'argument': truncation from 'double' to 'float'
D:\4_Archive_Kho lưu trữ\Computer Graphics\Project_2\main.cpp(912,78): warning C4305: 'argument': truncation from 'double' to 'float'
D:\4_Archive_Kho lưu trữ\Computer Graphics\Project_2\main.cpp(918,59): warning C4305: 'argument': truncation from 'double' to 'float'
D:\4_Archive_Kho lưu trữ\Computer Graphics\Project_2\main.cpp(918,52): warning C4305: 'argument': truncation from 'double' to 'float'
D:\4_Archive_Kho lưu trữ\Computer Graphics\Project_2\main.cpp(918,84): warning C4305: 'argument': truncation from 'double' to 'float'
D:\4_Archive_Kho lưu trữ\Computer Graphics\Project_2\main.cpp(924,59): warning C4305: 'argument': truncation from 'double' to 'float'
D:\4_Archive_Kho lưu trữ\Computer Graphics\Project_2\main.cpp(924,52): warning C4305: 'argument': truncation from 'double' to 'float'
D:\4_Archive_Kho lưu trữ\Computer Graphics\Project_2\main.cpp(924,85): warning C4305: 'argument': truncation from 'double' to 'float'
D:\4_Archive_Kho lưu trữ\Computer Graphics\Project_2\main.cpp(930,54): warning C4305: 'argument': truncation from 'double' to 'float'
D:\4_Archive_Kho lưu trữ\Computer Graphics\Project_2\main.cpp(930,49): warning C4305: 'argument': truncation from 'double' to 'float'
D:\4_Archive_Kho lưu trữ\Computer Graphics\Project_2\main.cpp(932,86): warning C4305: 'argument': truncation from 'double' to 'float'
D:\4_Archive_Kho lưu trữ\Computer Graphics\Project_2\main.cpp(932,75): warning C4305: 'argument': truncation from 'double' to 'float'
D:\4_Archive_Kho lưu trữ\Computer Graphics\Project_2\main.cpp(948,54): warning C4305: 'argument': truncation from 'double' to 'float'
D:\4_Archive_Kho lưu trữ\Computer Graphics\Project_2\main.cpp(948,92): warning C4305: 'argument': truncation from 'double' to 'float'
D:\4_Archive_Kho lưu trữ\Computer Graphics\Project_2\main.cpp(948,86): warning C4305: 'argument': truncation from 'double' to 'float'
D:\4_Archive_Kho lưu trữ\Computer Graphics\Project_2\main.cpp(948,80): warning C4305: 'argument': truncation from 'double' to 'float'
D:\4_Archive_Kho lưu trữ\Computer Graphics\Project_2\main.cpp(954,130): warning C4305: 'argument': truncation from 'double' to 'float'
D:\4_Archive_Kho lưu trữ\Computer Graphics\Project_2\main.cpp(960,54): warning C4305: 'argument': truncation from 'double' to 'float'
D:\4_Archive_Kho lưu trữ\Computer Graphics\Project_2\main.cpp(960,93): warning C4305: 'argument': truncation from 'double' to 'float'
D:\4_Archive_Kho lưu trữ\Computer Graphics\Project_2\main.cpp(960,87): warning C4305: 'argument': truncation from 'double' to 'float'
D:\4_Archive_Kho lưu trữ\Computer Graphics\Project_2\main.cpp(960,81): warning C4305: 'argument': truncation from 'double' to 'float'
D:\4_Archive_Kho lưu trữ\Computer Graphics\Project_2\main.cpp(966,59): warning C4305: 'argument': truncation from 'double' to 'float'
D:\4_Archive_Kho lưu trữ\Computer Graphics\Project_2\main.cpp(966,91): warning C4305: 'argument': truncation from 'double' to 'float'
D:\4_Archive_Kho lưu trữ\Computer Graphics\Project_2\main.cpp(966,80): warning C4305: 'argument': truncation from 'double' to 'float'
D:\4_Archive_Kho lưu trữ\Computer Graphics\Project_2\main.cpp(972,59): warning C4305: 'argument': truncation from 'double' to 'float'
D:\4_Archive_Kho lưu trữ\Computer Graphics\Project_2\main.cpp(972,92): warning C4305: 'argument': truncation from 'double' to 'float'
D:\4_Archive_Kho lưu trữ\Computer Graphics\Project_2\main.cpp(972,81): warning C4305: 'argument': truncation from 'double' to 'float'
D:\4_Archive_Kho lưu trữ\Computer Graphics\Project_2\main.cpp(978,140): warning C4305: 'argument': truncation from 'double' to 'float'
D:\4_Archive_Kho lưu trữ\Computer Graphics\Project_2\main.cpp(978,134): warning C4305: 'argument': truncation from 'double' to 'float'
D:\4_Archive_Kho lưu trữ\Computer Graphics\Project_2\main.cpp(978,178): warning C4305: 'argument': truncation from 'double' to 'float'
D:\4_Archive_Kho lưu trữ\Computer Graphics\Project_2\main.cpp(978,172): warning C4305: 'argument': truncation from 'double' to 'float'
D:\4_Archive_Kho lưu trữ\Computer Graphics\Project_2\main.cpp(978,166): warning C4305: 'argument': truncation from 'double' to 'float'
D:\4_Archive_Kho lưu trữ\Computer Graphics\Project_2\main.cpp(987,103): warning C4244: 'argument': conversion from 'int' to 'float', possible loss of data
D:\4_Archive_Kho lưu trữ\Computer Graphics\Project_2\main.cpp(999,55): warning C4305: 'argument': truncation from 'double' to 'float'
D:\4_Archive_Kho lưu trữ\Computer Graphics\Project_2\main.cpp(999,50): warning C4305: 'argument': truncation from 'double' to 'float'
D:\4_Archive_Kho lưu trữ\Computer Graphics\Project_2\main.cpp(999,45): warning C4305: 'argument': truncation from 'double' to 'float'
D:\4_Archive_Kho lưu trữ\Computer Graphics\Project_2\main.cpp(1004,61): warning C4305: 'argument': truncation from 'double' to 'float'
D:\4_Archive_Kho lưu trữ\Computer Graphics\Project_2\main.cpp(1004,54): warning C4305: 'argument': truncation from 'double' to 'float'
D:\4_Archive_Kho lưu trữ\Computer Graphics\Project_2\main.cpp(1004,92): warning C4305: 'argument': truncation from 'double' to 'float'
D:\4_Archive_Kho lưu trữ\Computer Graphics\Project_2\main.cpp(1004,86): warning C4305: 'argument': truncation from 'double' to 'float'
D:\4_Archive_Kho lưu trữ\Computer Graphics\Project_2\main.cpp(1010,62): warning C4305: 'argument': truncation from 'double' to 'float'
D:\4_Archive_Kho lưu trữ\Computer Graphics\Project_2\main.cpp(1010,54): warning C4305: 'argument': truncation from 'double' to 'float'
D:\4_Archive_Kho lưu trữ\Computer Graphics\Project_2\main.cpp(1010,93): warning C4305: 'argument': truncation from 'double' to 'float'
D:\4_Archive_Kho lưu trữ\Computer Graphics\Project_2\main.cpp(1010,87): warning C4305: 'argument': truncation from 'double' to 'float'
D:\4_Archive_Kho lưu trữ\Computer Graphics\Project_2\main.cpp(1016,61): warning C4305: 'argument': truncation from 'double' to 'float'
D:\4_Archive_Kho lưu trữ\Computer Graphics\Project_2\main.cpp(1016,49): warning C4305: 'argument': truncation from 'double' to 'float'
D:\4_Archive_Kho lưu trữ\Computer Graphics\Project_2\main.cpp(1016,92): warning C4305: 'argument': truncation from 'double' to 'float'
D:\4_Archive_Kho lưu trữ\Computer Graphics\Project_2\main.cpp(1016,87): warning C4305: 'argument': truncation from 'double' to 'float'
D:\4_Archive_Kho lưu trữ\Computer Graphics\Project_2\main.cpp(1016,81): warning C4305: 'argument': truncation from 'double' to 'float'
D:\4_Archive_Kho lưu trữ\Computer Graphics\Project_2\main.cpp(1022,62): warning C4305: 'argument': truncation from 'double' to 'float'
D:\4_Archive_Kho lưu trữ\Computer Graphics\Project_2\main.cpp(1022,49): warning C4305: 'argument': truncation from 'double' to 'float'
D:\4_Archive_Kho lưu trữ\Computer Graphics\Project_2\main.cpp(1022,93): warning C4305: 'argument': truncation from 'double' to 'float'
D:\4_Archive_Kho lưu trữ\Computer Graphics\Project_2\main.cpp(1022,88): warning C4305: 'argument': truncation from 'double' to 'float'
D:\4_Archive_Kho lưu trữ\Computer Graphics\Project_2\main.cpp(1022,82): warning C4305: 'argument': truncation from 'double' to 'float'
D:\4_Archive_Kho lưu trữ\Computer Graphics\Project_2\main.cpp(1035,56): warning C4305: 'argument': truncation from 'double' to 'float'
D:\4_Archive_Kho lưu trữ\Computer Graphics\Project_2\main.cpp(1035,50): warning C4305: 'argument': truncation from 'double' to 'float'
D:\4_Archive_Kho lưu trữ\Computer Graphics\Project_2\main.cpp(1035,45): warning C4305: 'argument': truncation from 'double' to 'float'
D:\4_Archive_Kho lưu trữ\Computer Graphics\Project_2\main.cpp(1041,64): warning C4305: 'argument': truncation from 'double' to 'float'
D:\4_Archive_Kho lưu trữ\Computer Graphics\Project_2\main.cpp(1041,57): warning C4305: 'argument': truncation from 'double' to 'float'
D:\4_Archive_Kho lưu trữ\Computer Graphics\Project_2\main.cpp(1041,49): warning C4305: 'argument': truncation from 'double' to 'float'
D:\4_Archive_Kho lưu trữ\Computer Graphics\Project_2\main.cpp(1041,97): warning C4305: 'argument': truncation from 'double' to 'float'
D:\4_Archive_Kho lưu trữ\Computer Graphics\Project_2\main.cpp(1041,92): warning C4305: 'argument': truncation from 'double' to 'float'
D:\4_Archive_Kho lưu trữ\Computer Graphics\Project_2\main.cpp(1041,86): warning C4305: 'argument': truncation from 'double' to 'float'
D:\4_Archive_Kho lưu trữ\Computer Graphics\Project_2\main.cpp(1047,63): warning C4305: 'argument': truncation from 'double' to 'float'
D:\4_Archive_Kho lưu trữ\Computer Graphics\Project_2\main.cpp(1047,56): warning C4305: 'argument': truncation from 'double' to 'float'
D:\4_Archive_Kho lưu trữ\Computer Graphics\Project_2\main.cpp(1047,49): warning C4305: 'argument': truncation from 'double' to 'float'
D:\4_Archive_Kho lưu trữ\Computer Graphics\Project_2\main.cpp(1047,96): warning C4305: 'argument': truncation from 'double' to 'float'
D:\4_Archive_Kho lưu trữ\Computer Graphics\Project_2\main.cpp(1047,91): warning C4305: 'argument': truncation from 'double' to 'float'
D:\4_Archive_Kho lưu trữ\Computer Graphics\Project_2\main.cpp(1047,85): warning C4305: 'argument': truncation from 'double' to 'float'
D:\4_Archive_Kho lưu trữ\Computer Graphics\Project_2\main.cpp(1053,60): warning C4305: 'argument': truncation from 'double' to 'float'
D:\4_Archive_Kho lưu trữ\Computer Graphics\Project_2\main.cpp(1053,54): warning C4305: 'argument': truncation from 'double' to 'float'
D:\4_Archive_Kho lưu trữ\Computer Graphics\Project_2\main.cpp(1053,92): warning C4305: 'argument': truncation from 'double' to 'float'
D:\4_Archive_Kho lưu trữ\Computer Graphics\Project_2\main.cpp(1053,87): warning C4305: 'argument': truncation from 'double' to 'float'
D:\4_Archive_Kho lưu trữ\Computer Graphics\Project_2\main.cpp(1059,64): warning C4305: 'argument': truncation from 'double' to 'float'
D:\4_Archive_Kho lưu trữ\Computer Graphics\Project_2\main.cpp(1059,56): warning C4305: 'argument': truncation from 'double' to 'float'
D:\4_Archive_Kho lưu trữ\Computer Graphics\Project_2\main.cpp(1059,49): warning C4305: 'argument': truncation from 'double' to 'float'
D:\4_Archive_Kho lưu trữ\Computer Graphics\Project_2\main.cpp(1059,96): warning C4305: 'argument': truncation from 'double' to 'float'
D:\4_Archive_Kho lưu trữ\Computer Graphics\Project_2\main.cpp(1059,91): warning C4305: 'argument': truncation from 'double' to 'float'
D:\4_Archive_Kho lưu trữ\Computer Graphics\Project_2\main.cpp(1059,85): warning C4305: 'argument': truncation from 'double' to 'float'
D:\4_Archive_Kho lưu trữ\Computer Graphics\Project_2\main.cpp(1065,65): warning C4305: 'argument': truncation from 'double' to 'float'
D:\4_Archive_Kho lưu trữ\Computer Graphics\Project_2\main.cpp(1065,57): warning C4305: 'argument': truncation from 'double' to 'float'
D:\4_Archive_Kho lưu trữ\Computer Graphics\Project_2\main.cpp(1065,49): warning C4305: 'argument': truncation from 'double' to 'float'
D:\4_Archive_Kho lưu trữ\Computer Graphics\Project_2\main.cpp(1065,97): warning C4305: 'argument': truncation from 'double' to 'float'
D:\4_Archive_Kho lưu trữ\Computer Graphics\Project_2\main.cpp(1065,92): warning C4305: 'argument': truncation from 'double' to 'float'
D:\4_Archive_Kho lưu trữ\Computer Graphics\Project_2\main.cpp(1065,86): warning C4305: 'argument': truncation from 'double' to 'float'
D:\4_Archive_Kho lưu trữ\Computer Graphics\Project_2\main.cpp(1071,64): warning C4305: 'argument': truncation from 'double' to 'float'
D:\4_Archive_Kho lưu trữ\Computer Graphics\Project_2\main.cpp(1071,56): warning C4305: 'argument': truncation from 'double' to 'float'
D:\4_Archive_Kho lưu trữ\Computer Graphics\Project_2\main.cpp(1071,49): warning C4305: 'argument': truncation from 'double' to 'float'
D:\4_Archive_Kho lưu trữ\Computer Graphics\Project_2\main.cpp(1071,97): warning C4305: 'argument': truncation from 'double' to 'float'
D:\4_Archive_Kho lưu trữ\Computer Graphics\Project_2\main.cpp(1071,92): warning C4305: 'argument': truncation from 'double' to 'float'
D:\4_Archive_Kho lưu trữ\Computer Graphics\Project_2\main.cpp(1071,86): warning C4305: 'argument': truncation from 'double' to 'float'
D:\4_Archive_Kho lưu trữ\Computer Graphics\Project_2\main.cpp(1077,65): warning C4305: 'argument': truncation from 'double' to 'float'
D:\4_Archive_Kho lưu trữ\Computer Graphics\Project_2\main.cpp(1077,57): warning C4305: 'argument': truncation from 'double' to 'float'
D:\4_Archive_Kho lưu trữ\Computer Graphics\Project_2\main.cpp(1077,49): warning C4305: 'argument': truncation from 'double' to 'float'
D:\4_Archive_Kho lưu trữ\Computer Graphics\Project_2\main.cpp(1077,98): warning C4305: 'argument': truncation from 'double' to 'float'
D:\4_Archive_Kho lưu trữ\Computer Graphics\Project_2\main.cpp(1077,93): warning C4305: 'argument': truncation from 'double' to 'float'
D:\4_Archive_Kho lưu trữ\Computer Graphics\Project_2\main.cpp(1077,87): warning C4305: 'argument': truncation from 'double' to 'float'
D:\4_Archive_Kho lưu trữ\Computer Graphics\Project_2\main.cpp(1093,136): warning C4244: 'argument': conversion from 'int' to 'float', possible loss of data
D:\4_Archive_Kho lưu trữ\Computer Graphics\Project_2\main.cpp(1108,57): warning C4305: 'argument': truncation from 'double' to 'float'
D:\4_Archive_Kho lưu trữ\Computer Graphics\Project_2\main.cpp(1108,51): warning C4305: 'argument': truncation from 'double' to 'float'
D:\4_Archive_Kho lưu trữ\Computer Graphics\Project_2\main.cpp(1108,45): warning C4305: 'argument': truncation from 'double' to 'float'
D:\4_Archive_Kho lưu trữ\Computer Graphics\Project_2\main.cpp(1114,84): warning C4305: 'argument': truncation from 'double' to 'float'
D:\4_Archive_Kho lưu trữ\Computer Graphics\Project_2\main.cpp(1114,113): warning C4305: 'argument': truncation from 'double' to 'float'
D:\4_Archive_Kho lưu trữ\Computer Graphics\Project_2\main.cpp(1114,108): warning C4305: 'argument': truncation from 'double' to 'float'
D:\4_Archive_Kho lưu trữ\Computer Graphics\Project_2\main.cpp(1114,103): warning C4305: 'argument': truncation from 'double' to 'float'
D:\4_Archive_Kho lưu trữ\Computer Graphics\Project_2\main.cpp(1135,52): warning C4305: 'argument': truncation from 'double' to 'float'
D:\4_Archive_Kho lưu trữ\Computer Graphics\Project_2\main.cpp(1143,54): warning C4305: 'argument': truncation from 'double' to 'float'
D:\4_Archive_Kho lưu trữ\Computer Graphics\Project_2\main.cpp(1143,46): warning C4305: 'argument': truncation from 'double' to 'float'
D:\4_Archive_Kho lưu trữ\Computer Graphics\Project_2\main.cpp(1151,58): warning C4305: 'argument': truncation from 'double' to 'float'
D:\4_Archive_Kho lưu trữ\Computer Graphics\Project_2\main.cpp(1151,52): warning C4305: 'argument': truncation from 'double' to 'float'
D:\4_Archive_Kho lưu trữ\Computer Graphics\Project_2\main.cpp(1151,46): warning C4305: 'argument': truncation from 'double' to 'float'
D:\4_Archive_Kho lưu trữ\Computer Graphics\Project_2\main.cpp(1159,58): warning C4305: 'argument': truncation from 'double' to 'float'
D:\4_Archive_Kho lưu trữ\Computer Graphics\Project_2\main.cpp(1159,52): warning C4305: 'argument': truncation from 'double' to 'float'
D:\4_Archive_Kho lưu trữ\Computer Graphics\Project_2\main.cpp(1159,46): warning C4305: 'argument': truncation from 'double' to 'float'
D:\4_Archive_Kho lưu trữ\Computer Graphics\Project_2\main.cpp(1167,59): warning C4305: 'argument': truncation from 'double' to 'float'
D:\4_Archive_Kho lưu trữ\Computer Graphics\Project_2\main.cpp(1167,53): warning C4305: 'argument': truncation from 'double' to 'float'
D:\4_Archive_Kho lưu trữ\Computer Graphics\Project_2\main.cpp(1167,91): warning C4305: 'argument': truncation from 'double' to 'float'
D:\4_Archive_Kho lưu trữ\Computer Graphics\Project_2\main.cpp(1167,79): warning C4305: 'argument': truncation from 'double' to 'float'
D:\4_Archive_Kho lưu trữ\Computer Graphics\Project_2\main.cpp(1182,59): warning C4305: 'argument': truncation from 'double' to 'float'
D:\4_Archive_Kho lưu trữ\Computer Graphics\Project_2\main.cpp(1182,50): warning C4305: 'argument': truncation from 'double' to 'float'
D:\4_Archive_Kho lưu trữ\Computer Graphics\Project_2\main.cpp(1188,60): warning C4305: 'argument': truncation from 'double' to 'float'
D:\4_Archive_Kho lưu trữ\Computer Graphics\Project_2\main.cpp(1188,50): warning C4305: 'argument': truncation from 'double' to 'float'
D:\4_Archive_Kho lưu trữ\Computer Graphics\Project_2\main.cpp(1194,59): warning C4305: 'argument': truncation from 'double' to 'float'
D:\4_Archive_Kho lưu trữ\Computer Graphics\Project_2\main.cpp(1194,53): warning C4305: 'argument': truncation from 'double' to 'float'
D:\4_Archive_Kho lưu trữ\Computer Graphics\Project_2\main.cpp(1200,60): warning C4305: 'argument': truncation from 'double' to 'float'
D:\4_Archive_Kho lưu trữ\Computer Graphics\Project_2\main.cpp(1200,53): warning C4305: 'argument': truncation from 'double' to 'float'
D:\4_Archive_Kho lưu trữ\Computer Graphics\Project_2\main.cpp(1206,59): warning C4305: 'argument': truncation from 'double' to 'float'
D:\4_Archive_Kho lưu trữ\Computer Graphics\Project_2\main.cpp(1206,53): warning C4305: 'argument': truncation from 'double' to 'float'
D:\4_Archive_Kho lưu trữ\Computer Graphics\Project_2\main.cpp(1211,59): warning C4305: 'argument': truncation from 'double' to 'float'
D:\4_Archive_Kho lưu trữ\Computer Graphics\Project_2\main.cpp(1211,50): warning C4305: 'argument': truncation from 'double' to 'float'
D:\4_Archive_Kho lưu trữ\Computer Graphics\Project_2\main.cpp(1216,60): warning C4305: 'argument': truncation from 'double' to 'float'
D:\4_Archive_Kho lưu trữ\Computer Graphics\Project_2\main.cpp(1216,50): warning C4305: 'argument': truncation from 'double' to 'float'
D:\4_Archive_Kho lưu trữ\Computer Graphics\Project_2\main.cpp(1221,60): warning C4305: 'argument': truncation from 'double' to 'float'
D:\4_Archive_Kho lưu trữ\Computer Graphics\Project_2\main.cpp(1221,53): warning C4305: 'argument': truncation from 'double' to 'float'
D:\4_Archive_Kho lưu trữ\Computer Graphics\Project_2\main.cpp(1230,69): warning C4305: 'argument': truncation from 'double' to 'float'
D:\4_Archive_Kho lưu trữ\Computer Graphics\Project_2\main.cpp(1236,71): warning C4305: 'argument': truncation from 'double' to 'float'
D:\4_Archive_Kho lưu trữ\Computer Graphics\Project_2\main.cpp(1256,69): warning C4305: 'argument': truncation from 'double' to 'float'
D:\4_Archive_Kho lưu trữ\Computer Graphics\Project_2\main.cpp(1256,60): warning C4305: 'argument': truncation from 'double' to 'float'
D:\4_Archive_Kho lưu trữ\Computer Graphics\Project_2\main.cpp(1256,46): warning C4305: 'argument': truncation from 'double' to 'float'
D:\4_Archive_Kho lưu trữ\Computer Graphics\Project_2\main.cpp(1264,67): warning C4305: 'argument': truncation from 'double' to 'float'
D:\4_Archive_Kho lưu trữ\Computer Graphics\Project_2\main.cpp(1264,46): warning C4305: 'argument': truncation from 'double' to 'float'
D:\4_Archive_Kho lưu trữ\Computer Graphics\Project_2\main.cpp(1272,84): warning C4305: 'argument': truncation from 'double' to 'float'
D:\4_Archive_Kho lưu trữ\Computer Graphics\Project_2\main.cpp(1272,131): warning C4305: 'argument': truncation from 'double' to 'float'
D:\4_Archive_Kho lưu trữ\Computer Graphics\Project_2\main.cpp(1272,105): warning C4305: 'argument': truncation from 'double' to 'float'
D:\4_Archive_Kho lưu trữ\Computer Graphics\Project_2\main.cpp(1280,78): warning C4305: 'argument': truncation from 'double' to 'float'
D:\4_Archive_Kho lưu trữ\Computer Graphics\Project_2\main.cpp(1280,59): warning C4305: 'argument': truncation from 'double' to 'float'
D:\4_Archive_Kho lưu trữ\Computer Graphics\Project_2\main.cpp(1285,92): warning C4305: 'argument': truncation from 'double' to 'float'
D:\4_Archive_Kho lưu trữ\Computer Graphics\Project_2\main.cpp(1285,84): warning C4305: 'argument': truncation from 'double' to 'float'
D:\4_Archive_Kho lưu trữ\Computer Graphics\Project_2\main.cpp(1285,65): warning C4305: 'argument': truncation from 'double' to 'float'
D:\4_Archive_Kho lưu trữ\Computer Graphics\Project_2\main.cpp(1285,125): warning C4305: 'argument': truncation from 'double' to 'float'
D:\4_Archive_Kho lưu trữ\Computer Graphics\Project_2\main.cpp(1300,63): warning C4305: 'argument': truncation from 'double' to 'float'
D:\4_Archive_Kho lưu trữ\Computer Graphics\Project_2\main.cpp(1305,64): warning C4305: 'argument': truncation from 'double' to 'float'
D:\4_Archive_Kho lưu trữ\Computer Graphics\Project_2\main.cpp(1324,59): warning C4305: 'argument': truncation from 'double' to 'float'
D:\4_Archive_Kho lưu trữ\Computer Graphics\Project_2\main.cpp(1324,49): warning C4305: 'argument': truncation from 'double' to 'float'
D:\4_Archive_Kho lưu trữ\Computer Graphics\Project_2\main.cpp(1324,106): warning C4305: 'argument': truncation from 'double' to 'float'
D:\4_Archive_Kho lưu trữ\Computer Graphics\Project_2\main.cpp(1330,60): warning C4305: 'argument': truncation from 'double' to 'float'
D:\4_Archive_Kho lưu trữ\Computer Graphics\Project_2\main.cpp(1330,49): warning C4305: 'argument': truncation from 'double' to 'float'
D:\4_Archive_Kho lưu trữ\Computer Graphics\Project_2\main.cpp(1330,107): warning C4305: 'argument': truncation from 'double' to 'float'
D:\4_Archive_Kho lưu trữ\Computer Graphics\Project_2\main.cpp(1355,60): warning C4305: 'argument': truncation from 'double' to 'float'
D:\4_Archive_Kho lưu trữ\Computer Graphics\Project_2\main.cpp(1355,34): warning C4305: 'argument': truncation from 'double' to 'float'
D:\4_Archive_Kho lưu trữ\Computer Graphics\Project_2\main.cpp(1356,41): warning C4305: 'argument': truncation from 'double' to 'float'
D:\4_Archive_Kho lưu trữ\Computer Graphics\Project_2\main.cpp(1356,28): warning C4305: 'argument': truncation from 'double' to 'float'
D:\4_Archive_Kho lưu trữ\Computer Graphics\Project_2\main.cpp(1371,44): warning C4305: 'argument': truncation from 'double' to 'float'
D:\4_Archive_Kho lưu trữ\Computer Graphics\Project_2\main.cpp(1371,95): warning C4305: 'argument': truncation from 'double' to 'float'
D:\4_Archive_Kho lưu trữ\Computer Graphics\Project_2\main.cpp(1371,82): warning C4305: 'argument': truncation from 'double' to 'float'
D:\4_Archive_Kho lưu trữ\Computer Graphics\Project_2\main.cpp(1371,68): warning C4305: 'argument': truncation from 'double' to 'float'
D:\4_Archive_Kho lưu trữ\Computer Graphics\Project_2\main.cpp(1387,63): warning C4305: 'argument': truncation from 'double' to 'float'
D:\4_Archive_Kho lưu trữ\Computer Graphics\Project_2\main.cpp(1387,120): warning C4305: 'argument': truncation from 'double' to 'float'
D:\4_Archive_Kho lưu trữ\Computer Graphics\Project_2\main.cpp(1387,96): warning C4305: 'argument': truncation from 'double' to 'float'
D:\4_Archive_Kho lưu trữ\Computer Graphics\Project_2\main.cpp(1400,44): warning C4305: 'argument': truncation from 'double' to 'float'
D:\4_Archive_Kho lưu trữ\Computer Graphics\Project_2\main.cpp(1400,139): warning C4305: 'argument': truncation from 'double' to 'float'
D:\4_Archive_Kho lưu trữ\Computer Graphics\Project_2\main.cpp(1400,133): warning C4305: 'argument': truncation from 'double' to 'float'
D:\4_Archive_Kho lưu trữ\Computer Graphics\Project_2\main.cpp(1400,125): warning C4305: 'argument': truncation from 'double' to 'float'
D:\4_Archive_Kho lưu trữ\Computer Graphics\Project_2\main.cpp(1419,57): warning C4305: 'argument': truncation from 'double' to 'float'
D:\4_Archive_Kho lưu trữ\Computer Graphics\Project_2\main.cpp(1419,38): warning C4305: 'argument': truncation from 'double' to 'float'
D:\4_Archive_Kho lưu trữ\Computer Graphics\Project_2\main.cpp(1426,70): warning C4305: 'argument': truncation from 'double' to 'float'
D:\4_Archive_Kho lưu trữ\Computer Graphics\Project_2\main.cpp(1426,38): warning C4305: 'argument': truncation from 'double' to 'float'
D:\4_Archive_Kho lưu trữ\Computer Graphics\Project_2\main.cpp(1433,56): warning C4305: 'argument': truncation from 'double' to 'float'
D:\4_Archive_Kho lưu trữ\Computer Graphics\Project_2\main.cpp(1433,37): warning C4305: 'argument': truncation from 'double' to 'float'
D:\4_Archive_Kho lưu trữ\Computer Graphics\Project_2\main.cpp(1440,69): warning C4305: 'argument': truncation from 'double' to 'float'
D:\4_Archive_Kho lưu trữ\Computer Graphics\Project_2\main.cpp(1440,37): warning C4305: 'argument': truncation from 'double' to 'float'
D:\4_Archive_Kho lưu trữ\Computer Graphics\Project_2\main.cpp(1473,49): warning C4305: 'argument': truncation from 'double' to 'float'
D:\4_Archive_Kho lưu trữ\Computer Graphics\Project_2\main.cpp(1473,86): warning C4305: 'argument': truncation from 'double' to 'float'
D:\4_Archive_Kho lưu trữ\Computer Graphics\Project_2\main.cpp(1473,80): warning C4305: 'argument': truncation from 'double' to 'float'
D:\4_Archive_Kho lưu trữ\Computer Graphics\Project_2\main.cpp(1473,74): warning C4305: 'argument': truncation from 'double' to 'float'
D:\4_Archive_Kho lưu trữ\Computer Graphics\Project_2\main.cpp(1479,49): warning C4305: 'argument': truncation from 'double' to 'float'
D:\4_Archive_Kho lưu trữ\Computer Graphics\Project_2\main.cpp(1479,81): warning C4305: 'argument': truncation from 'double' to 'float'
D:\4_Archive_Kho lưu trữ\Computer Graphics\Project_2\main.cpp(1479,75): warning C4305: 'argument': truncation from 'double' to 'float'
D:\4_Archive_Kho lưu trữ\Computer Graphics\Project_2\main.cpp(1485,57): warning C4305: 'argument': truncation from 'double' to 'float'
D:\4_Archive_Kho lưu trữ\Computer Graphics\Project_2\main.cpp(1485,49): warning C4305: 'argument': truncation from 'double' to 'float'
D:\4_Archive_Kho lưu trữ\Computer Graphics\Project_2\main.cpp(1485,87): warning C4305: 'argument': truncation from 'double' to 'float'
D:\4_Archive_Kho lưu trữ\Computer Graphics\Project_2\main.cpp(1485,82): warning C4305: 'argument': truncation from 'double' to 'float'
D:\4_Archive_Kho lưu trữ\Computer Graphics\Project_2\main.cpp(1485,77): warning C4305: 'argument': truncation from 'double' to 'float'
D:\4_Archive_Kho lưu trữ\Computer Graphics\Project_2\main.cpp(1491,57): warning C4305: 'argument': truncation from 'double' to 'float'
D:\4_Archive_Kho lưu trữ\Computer Graphics\Project_2\main.cpp(1491,49): warning C4305: 'argument': truncation from 'double' to 'float'
D:\4_Archive_Kho lưu trữ\Computer Graphics\Project_2\main.cpp(1491,88): warning C4305: 'argument': truncation from 'double' to 'float'
D:\4_Archive_Kho lưu trữ\Computer Graphics\Project_2\main.cpp(1491,83): warning C4305: 'argument': truncation from 'double' to 'float'
D:\4_Archive_Kho lưu trữ\Computer Graphics\Project_2\main.cpp(1491,78): warning C4305: 'argument': truncation from 'double' to 'float'
D:\4_Archive_Kho lưu trữ\Computer Graphics\Project_2\main.cpp(1558,41): warning C4305: 'argument': truncation from 'double' to 'float'
D:\4_Archive_Kho lưu trữ\Computer Graphics\Project_2\main.cpp(1558,35): warning C4305: 'argument': truncation from 'double' to 'float'
D:\4_Archive_Kho lưu trữ\Computer Graphics\Project_2\main.cpp(1558,30): warning C4305: 'argument': truncation from 'double' to 'float'
D:\4_Archive_Kho lưu trữ\Computer Graphics\Project_2\main.cpp(1558,18): warning C4305: 'argument': truncation from 'double' to 'float'
D:\4_Archive_Kho lưu trữ\Computer Graphics\Project_2\main.cpp(1561,36): warning C4305: 'argument': truncation from 'double' to 'GLfloat'
D:\4_Archive_Kho lưu trữ\Computer Graphics\Project_2\main.cpp(1561,31): warning C4305: 'argument': truncation from 'double' to 'GLfloat'
D:\4_Archive_Kho lưu trữ\Computer Graphics\Project_2\main.cpp(1561,26): warning C4305: 'argument': truncation from 'double' to 'GLfloat'
D:\4_Archive_Kho lưu trữ\Computer Graphics\Project_2\main.cpp(1561,15): warning C4305: 'argument': truncation from 'double' to 'GLfloat'
D:\4_Archive_Kho lưu trữ\Computer Graphics\Project_2\main.cpp(1562,37): warning C4305: 'argument': truncation from 'double' to 'GLfloat'
D:\4_Archive_Kho lưu trữ\Computer Graphics\Project_2\main.cpp(1562,32): warning C4305: 'argument': truncation from 'double' to 'GLfloat'
D:\4_Archive_Kho lưu trữ\Computer Graphics\Project_2\main.cpp(1562,27): warning C4305: 'argument': truncation from 'double' to 'GLfloat'
D:\4_Archive_Kho lưu trữ\Computer Graphics\Project_2\main.cpp(1562,16): warning C4305: 'argument': truncation from 'double' to 'GLfloat'
D:\4_Archive_Kho lưu trữ\Computer Graphics\Project_2\main.cpp(1563,36): warning C4305: 'argument': truncation from 'double' to 'GLfloat'
D:\4_Archive_Kho lưu trữ\Computer Graphics\Project_2\main.cpp(1563,31): warning C4305: 'argument': truncation from 'double' to 'GLfloat'
D:\4_Archive_Kho lưu trữ\Computer Graphics\Project_2\main.cpp(1563,26): warning C4305: 'argument': truncation from 'double' to 'GLfloat'
D:\4_Archive_Kho lưu trữ\Computer Graphics\Project_2\main.cpp(1563,15): warning C4305: 'argument': truncation from 'double' to 'GLfloat'
D:\4_Archive_Kho lưu trữ\Computer Graphics\Project_2\main.cpp(1564,37): warning C4305: 'argument': truncation from 'double' to 'GLfloat'
D:\4_Archive_Kho lưu trữ\Computer Graphics\Project_2\main.cpp(1564,32): warning C4305: 'argument': truncation from 'double' to 'GLfloat'
D:\4_Archive_Kho lưu trữ\Computer Graphics\Project_2\main.cpp(1564,27): warning C4305: 'argument': truncation from 'double' to 'GLfloat'
D:\4_Archive_Kho lưu trữ\Computer Graphics\Project_2\main.cpp(1564,16): warning C4305: 'argument': truncation from 'double' to 'GLfloat'
D:\4_Archive_Kho lưu trữ\Computer Graphics\Project_2\main.cpp(1570,33): warning C4305: 'argument': truncation from 'double' to 'float'
D:\4_Archive_Kho lưu trữ\Computer Graphics\Project_2\main.cpp(1570,28): warning C4305: 'argument': truncation from 'double' to 'float'
D:\4_Archive_Kho lưu trữ\Computer Graphics\Project_2\main.cpp(1570,23): warning C4305: 'argument': truncation from 'double' to 'float'
D:\4_Archive_Kho lưu trữ\Computer Graphics\Project_2\main.cpp(1570,11): warning C4305: 'argument': truncation from 'double' to 'float'
D:\4_Archive_Kho lưu trữ\Computer Graphics\Project_2\main.cpp(1576,37): warning C4305: 'argument': truncation from 'double' to 'float'
D:\4_Archive_Kho lưu trữ\Computer Graphics\Project_2\main.cpp(1581,37): warning C4305: 'argument': truncation from 'double' to 'float'
D:\4_Archive_Kho lưu trữ\Computer Graphics\Project_2\main.cpp(1586,37): warning C4305: 'argument': truncation from 'double' to 'float'
D:\4_Archive_Kho lưu trữ\Computer Graphics\Project_2\main.cpp(1591,37): warning C4305: 'argument': truncation from 'double' to 'float'
D:\4_Archive_Kho lưu trữ\Computer Graphics\Project_2\main.cpp(1596,36): warning C4305: 'argument': truncation from 'double' to 'float'
D:\4_Archive_Kho lưu trữ\Computer Graphics\Project_2\main.cpp(1601,36): warning C4305: 'argument': truncation from 'double' to 'float'
D:\4_Archive_Kho lưu trữ\Computer Graphics\Project_2\main.cpp(1606,36): warning C4305: 'argument': truncation from 'double' to 'float'
D:\4_Archive_Kho lưu trữ\Computer Graphics\Project_2\main.cpp(1611,36): warning C4305: 'argument': truncation from 'double' to 'float'
D:\4_Archive_Kho lưu trữ\Computer Graphics\Project_2\main.cpp(1618,49): warning C4305: 'argument': truncation from 'double' to 'float'
D:\4_Archive_Kho lưu trữ\Computer Graphics\Project_2\main.cpp(1619,34): warning C4305: 'argument': truncation from 'double' to 'float'
D:\4_Archive_Kho lưu trữ\Computer Graphics\Project_2\main.cpp(1623,66): warning C4305: 'argument': truncation from 'double' to 'float'
D:\4_Archive_Kho lưu trữ\Computer Graphics\Project_2\main.cpp(1624,35): warning C4305: 'argument': truncation from 'double' to 'float'
D:\4_Archive_Kho lưu trữ\Computer Graphics\Project_2\main.cpp(1628,65): warning C4305: 'argument': truncation from 'double' to 'float'
D:\4_Archive_Kho lưu trữ\Computer Graphics\Project_2\main.cpp(1629,35): warning C4305: 'argument': truncation from 'double' to 'float'
D:\4_Archive_Kho lưu trữ\Computer Graphics\Project_2\main.cpp(1634,55): warning C4305: 'argument': truncation from 'double' to 'float'
D:\4_Archive_Kho lưu trữ\Computer Graphics\Project_2\main.cpp(1639,56): warning C4305: 'argument': truncation from 'double' to 'float'
D:\4_Archive_Kho lưu trữ\Computer Graphics\Project_2\main.cpp(1644,55): warning C4305: 'argument': truncation from 'double' to 'float'
D:\4_Archive_Kho lưu trữ\Computer Graphics\Project_2\main.cpp(1644,49): warning C4305: 'argument': truncation from 'double' to 'float'
D:\4_Archive_Kho lưu trữ\Computer Graphics\Project_2\main.cpp(1649,55): warning C4305: 'argument': truncation from 'double' to 'float'
D:\4_Archive_Kho lưu trữ\Computer Graphics\Project_2\main.cpp(1649,49): warning C4305: 'argument': truncation from 'double' to 'float'
D:\4_Archive_Kho lưu trữ\Computer Graphics\Project_2\main.cpp(1653,37): warning C4305: 'argument': truncation from 'double' to 'float'
D:\4_Archive_Kho lưu trữ\Computer Graphics\Project_2\main.cpp(1653,32): warning C4305: 'argument': truncation from 'double' to 'float'
D:\4_Archive_Kho lưu trữ\Computer Graphics\Project_2\main.cpp(1653,21): warning C4305: 'argument': truncation from 'double' to 'float'
D:\4_Archive_Kho lưu trữ\Computer Graphics\Project_2\main.cpp(1653,15): warning C4305: 'argument': truncation from 'double' to 'float'
D:\4_Archive_Kho lưu trữ\Computer Graphics\Project_2\main.cpp(1654,15): warning C4305: 'argument': truncation from 'double' to 'float'
D:\4_Archive_Kho lưu trữ\Computer Graphics\Project_2\main.cpp(1655,14): warning C4305: 'argument': truncation from 'double' to 'float'
D:\4_Archive_Kho lưu trữ\Computer Graphics\Project_2\main.cpp(1656,41): warning C4305: 'argument': truncation from 'double' to 'float'
D:\4_Archive_Kho lưu trữ\Computer Graphics\Project_2\main.cpp(1656,36): warning C4305: 'argument': truncation from 'double' to 'float'
D:\4_Archive_Kho lưu trữ\Computer Graphics\Project_2\main.cpp(1656,30): warning C4305: 'argument': truncation from 'double' to 'float'
D:\4_Archive_Kho lưu trữ\Computer Graphics\Project_2\main.cpp(1656,17): warning C4305: 'argument': truncation from 'double' to 'float'
D:\4_Archive_Kho lưu trữ\Computer Graphics\Project_2\main.cpp(1657,41): warning C4305: 'argument': truncation from 'double' to 'float'
D:\4_Archive_Kho lưu trữ\Computer Graphics\Project_2\main.cpp(1657,36): warning C4305: 'argument': truncation from 'double' to 'float'
D:\4_Archive_Kho lưu trữ\Computer Graphics\Project_2\main.cpp(1657,30): warning C4305: 'argument': truncation from 'double' to 'float'
D:\4_Archive_Kho lưu trữ\Computer Graphics\Project_2\main.cpp(1657,17): warning C4305: 'argument': truncation from 'double' to 'float'
D:\4_Archive_Kho lưu trữ\Computer Graphics\Project_2\main.cpp(1658,41): warning C4305: 'argument': truncation from 'double' to 'float'
D:\4_Archive_Kho lưu trữ\Computer Graphics\Project_2\main.cpp(1658,36): warning C4305: 'argument': truncation from 'double' to 'float'
D:\4_Archive_Kho lưu trữ\Computer Graphics\Project_2\main.cpp(1658,30): warning C4305: 'argument': truncation from 'double' to 'float'
D:\4_Archive_Kho lưu trữ\Computer Graphics\Project_2\main.cpp(1658,17): warning C4305: 'argument': truncation from 'double' to 'float'
D:\4_Archive_Kho lưu trữ\Computer Graphics\Project_2\main.cpp(1659,40): warning C4305: 'argument': truncation from 'double' to 'float'
D:\4_Archive_Kho lưu trữ\Computer Graphics\Project_2\main.cpp(1659,35): warning C4305: 'argument': truncation from 'double' to 'float'
D:\4_Archive_Kho lưu trữ\Computer Graphics\Project_2\main.cpp(1659,29): warning C4305: 'argument': truncation from 'double' to 'float'
D:\4_Archive_Kho lưu trữ\Computer Graphics\Project_2\main.cpp(1659,16): warning C4305: 'argument': truncation from 'double' to 'float'
D:\4_Archive_Kho lưu trữ\Computer Graphics\Project_2\main.cpp(1660,40): warning C4305: 'argument': truncation from 'double' to 'float'
D:\4_Archive_Kho lưu trữ\Computer Graphics\Project_2\main.cpp(1660,35): warning C4305: 'argument': truncation from 'double' to 'float'
D:\4_Archive_Kho lưu trữ\Computer Graphics\Project_2\main.cpp(1660,29): warning C4305: 'argument': truncation from 'double' to 'float'
D:\4_Archive_Kho lưu trữ\Computer Graphics\Project_2\main.cpp(1660,16): warning C4305: 'argument': truncation from 'double' to 'float'
D:\4_Archive_Kho lưu trữ\Computer Graphics\Project_2\main.cpp(1661,40): warning C4305: 'argument': truncation from 'double' to 'float'
D:\4_Archive_Kho lưu trữ\Computer Graphics\Project_2\main.cpp(1661,35): warning C4305: 'argument': truncation from 'double' to 'float'
D:\4_Archive_Kho lưu trữ\Computer Graphics\Project_2\main.cpp(1661,29): warning C4305: 'argument': truncation from 'double' to 'float'
D:\4_Archive_Kho lưu trữ\Computer Graphics\Project_2\main.cpp(1661,16): warning C4305: 'argument': truncation from 'double' to 'float'
D:\4_Archive_Kho lưu trữ\Computer Graphics\Project_2\main.cpp(1663,39): warning C4305: 'argument': truncation from 'double' to 'float'
D:\4_Archive_Kho lưu trữ\Computer Graphics\Project_2\main.cpp(1663,34): warning C4305: 'argument': truncation from 'double' to 'float'
D:\4_Archive_Kho lưu trữ\Computer Graphics\Project_2\main.cpp(1663,29): warning C4305: 'argument': truncation from 'double' to 'float'
D:\4_Archive_Kho lưu trữ\Computer Graphics\Project_2\main.cpp(1664,38): warning C4305: 'argument': truncation from 'double' to 'float'
D:\4_Archive_Kho lưu trữ\Computer Graphics\Project_2\main.cpp(1664,33): warning C4305: 'argument': truncation from 'double' to 'float'
D:\4_Archive_Kho lưu trữ\Computer Graphics\Project_2\main.cpp(1665,38): warning C4305: 'argument': truncation from 'double' to 'float'
D:\4_Archive_Kho lưu trữ\Computer Graphics\Project_2\main.cpp(1665,33): warning C4305: 'argument': truncation from 'double' to 'float'
D:\4_Archive_Kho lưu trữ\Computer Graphics\Project_2\main.cpp(1666,38): warning C4305: 'argument': truncation from 'double' to 'float'
D:\4_Archive_Kho lưu trữ\Computer Graphics\Project_2\main.cpp(1666,33): warning C4305: 'argument': truncation from 'double' to 'float'
D:\4_Archive_Kho lưu trữ\Computer Graphics\Project_2\main.cpp(1667,38): warning C4305: 'argument': truncation from 'double' to 'float'
D:\4_Archive_Kho lưu trữ\Computer Graphics\Project_2\main.cpp(1667,33): warning C4305: 'argument': truncation from 'double' to 'float'
D:\4_Archive_Kho lưu trữ\Computer Graphics\Project_2\main.cpp(1668,37): warning C4305: 'argument': truncation from 'double' to 'float'
D:\4_Archive_Kho lưu trữ\Computer Graphics\Project_2\main.cpp(1668,32): warning C4305: 'argument': truncation from 'double' to 'float'
D:\4_Archive_Kho lưu trữ\Computer Graphics\Project_2\main.cpp(1669,37): warning C4305: 'argument': truncation from 'double' to 'float'
D:\4_Archive_Kho lưu trữ\Computer Graphics\Project_2\main.cpp(1669,32): warning C4305: 'argument': truncation from 'double' to 'float'
D:\4_Archive_Kho lưu trữ\Computer Graphics\Project_2\main.cpp(1670,37): warning C4305: 'argument': truncation from 'double' to 'float'
D:\4_Archive_Kho lưu trữ\Computer Graphics\Project_2\main.cpp(1670,32): warning C4305: 'argument': truncation from 'double' to 'float'
D:\4_Archive_Kho lưu trữ\Computer Graphics\Project_2\main.cpp(1671,37): warning C4305: 'argument': truncation from 'double' to 'float'
D:\4_Archive_Kho lưu trữ\Computer Graphics\Project_2\main.cpp(1671,32): warning C4305: 'argument': truncation from 'double' to 'float'
D:\4_Archive_Kho lưu trữ\Computer Graphics\Project_2\main.cpp(1674,20): warning C4305: 'argument': truncation from 'double' to 'float'
D:\4_Archive_Kho lưu trữ\Computer Graphics\Project_2\main.cpp(1674,15): warning C4305: 'argument': truncation from 'double' to 'float'
D:\4_Archive_Kho lưu trữ\Computer Graphics\Project_2\main.cpp(1674,10): warning C4305: 'argument': truncation from 'double' to 'float'
D:\4_Archive_Kho lưu trữ\Computer Graphics\Project_2\main.cpp(1678,75): warning C4305: 'argument': truncation from 'double' to 'float'
D:\4_Archive_Kho lưu trữ\Computer Graphics\Project_2\main.cpp(1678,70): warning C4305: 'argument': truncation from 'double' to 'float'
D:\4_Archive_Kho lưu trữ\Computer Graphics\Project_2\main.cpp(1678,65): warning C4305: 'argument': truncation from 'double' to 'float'
D:\4_Archive_Kho lưu trữ\Computer Graphics\Project_2\main.cpp(1679,27): warning C4305: 'argument': truncation from 'double' to 'float'
D:\4_Archive_Kho lưu trữ\Computer Graphics\Project_2\main.cpp(1819,16): warning C4305: '+=': truncation from 'double' to 'float'
D:\4_Archive_Kho lưu trữ\Computer Graphics\Project_2\main.cpp(1823,15): warning C4305: '+=': truncation from 'double' to 'float'
D:\4_Archive_Kho lưu trữ\Computer Graphics\Project_2\main.cpp(1846,42): warning C4244: '+=': conversion from 'double' to 'float', possible loss of data
D:\4_Archive_Kho lưu trữ\Computer Graphics\Project_2\main.cpp(1847,42): warning C4244: '-=': conversion from 'double' to 'float', possible loss of data
D:\4_Archive_Kho lưu trữ\Computer Graphics\Project_2\main.cpp(1850,42): warning C4244: '+=': conversion from 'double' to 'float', possible loss of data
D:\4_Archive_Kho lưu trữ\Computer Graphics\Project_2\main.cpp(1851,42): warning C4244: '-=': conversion from 'double' to 'float', possible loss of data
D:\4_Archive_Kho lưu trữ\Computer Graphics\Project_2\main.cpp(1967,34): warning C4305: '+=': truncation from 'double' to 'GLfloat'
D:\4_Archive_Kho lưu trữ\Computer Graphics\Project_2\main.cpp(1971,34): warning C4305: '-=': truncation from 'double' to 'GLfloat'
D:\4_Archive_Kho lưu trữ\Computer Graphics\Project_2\main.cpp(1972,75): warning C4305: '=': truncation from 'double' to 'GLfloat'
  Project_2.vcxproj -> D:\4_Archive_Kho lưu trữ\Computer Graphics\Project_2\x64\Debug\Project_2.exe
